2025-12-04 12:53:48,506 - INFO - Logging successfully Initialized
2025-12-04 12:53:48,506 - INFO - in main
2025-12-04 13:15:37,881 - INFO - Logging successfully Initialized
2025-12-04 13:16:41,036 - INFO - Logging successfully Initialized
2025-12-04 13:16:41,184 - INFO - Final categories created successfully
2025-12-04 13:16:41,554 - INFO - Successfully stored train cleaned data
2025-12-04 13:16:41,972 - INFO - Successfully stored val cleaned data
2025-12-04 15:53:00,454 - INFO - Logging successfully Initialized
2025-12-04 15:53:00,578 - INFO - Merging COCO annotations...
2025-12-04 15:53:03,579 - INFO - Final categories created successfully
2025-12-04 15:53:04,020 - INFO - Successfully stored train annotations in data/processed/annotations/instances_train_all.json
2025-12-04 15:53:04,688 - INFO - Successfully stored val annotations in data/processed/annotations/instances_val_all.json
2025-12-04 15:53:04,697 - INFO - Merge completed.
2025-12-04 15:53:55,726 - ERROR - Unexpected error in main()
Traceback (most recent call last):
  File "C:\Users\MUIN\Desktop\Ali\visionguard\main.py", line 137, in main
    train_avg_loss = train_one_epoch(
  File "C:\Users\MUIN\Desktop\Ali\visionguard\src\train.py", line 20, in train_one_epoch
    for batch_idx, (images, targets) in enumerate(dataloader):
  File "C:\Users\MUIN\anaconda3\envs\new\lib\site-packages\torch\utils\data\dataloader.py", line 733, in __next__
    data = self._next_data()
  File "C:\Users\MUIN\anaconda3\envs\new\lib\site-packages\torch\utils\data\dataloader.py", line 1515, in _next_data
    return self._process_data(data, worker_id)
  File "C:\Users\MUIN\anaconda3\envs\new\lib\site-packages\torch\utils\data\dataloader.py", line 1550, in _process_data
    data.reraise()
  File "C:\Users\MUIN\anaconda3\envs\new\lib\site-packages\torch\_utils.py", line 750, in reraise
    raise exception
FileNotFoundError: Caught FileNotFoundError in DataLoader worker process 0.
Original Traceback (most recent call last):
  File "C:\Users\MUIN\anaconda3\envs\new\lib\site-packages\torch\utils\data\_utils\worker.py", line 349, in _worker_loop
    data = fetcher.fetch(index)  # type: ignore[possibly-undefined]
  File "C:\Users\MUIN\anaconda3\envs\new\lib\site-packages\torch\utils\data\_utils\fetch.py", line 52, in fetch
    data = [self.dataset[idx] for idx in possibly_batched_index]
  File "C:\Users\MUIN\anaconda3\envs\new\lib\site-packages\torch\utils\data\_utils\fetch.py", line 52, in <listcomp>
    data = [self.dataset[idx] for idx in possibly_batched_index]
  File "C:\Users\MUIN\Desktop\Ali\visionguard\src\work_data\dataset.py", line 34, in __getitem__
    img = Image.open(img_path).convert("RGB")
  File "C:\Users\MUIN\anaconda3\envs\new\lib\site-packages\PIL\Image.py", line 3513, in open
    fp = builtins.open(filename, "rb")
FileNotFoundError: [Errno 2] No such file or directory: 'data/processed/images/train/000005.jpg'

2025-12-04 17:26:54,455 - INFO - Logging successfully Initialized
2025-12-04 17:26:54,470 - INFO - Merging COCO annotations...
2025-12-04 17:26:56,364 - INFO - Final categories created successfully
2025-12-04 17:26:56,727 - INFO - Successfully stored train annotations in data/processed/annotations/instances_train_all.json
2025-12-04 17:26:57,159 - INFO - Successfully stored val annotations in data/processed/annotations/instances_val_all.json
2025-12-04 17:26:57,161 - INFO - Merge completed.
2025-12-04 17:27:16,366 - ERROR - Unexpected error in main()
Traceback (most recent call last):
  File "C:\Users\MUIN\Desktop\Ali\visionguard\main.py", line 138, in main
    train_avg_loss = train_one_epoch(
  File "C:\Users\MUIN\Desktop\Ali\visionguard\src\train.py", line 22, in train_one_epoch
    images = [img.to(device) for img in images]
  File "C:\Users\MUIN\Desktop\Ali\visionguard\src\train.py", line 22, in <listcomp>
    images = [img.to(device) for img in images]
AttributeError: 'Image' object has no attribute 'to'
2025-12-04 17:38:47,646 - INFO - Logging successfully Initialized
2025-12-04 17:38:47,663 - INFO - Merging COCO annotations...
2025-12-04 17:38:49,536 - INFO - Final categories created successfully
2025-12-04 17:38:50,087 - INFO - Successfully stored train annotations in data/processed/annotations/instances_train_all.json
2025-12-04 17:38:50,595 - INFO - Successfully stored val annotations in data/processed/annotations/instances_val_all.json
2025-12-04 17:38:50,601 - INFO - Merge completed.
2025-12-04 17:39:08,346 - ERROR - Unexpected error in main()
Traceback (most recent call last):
  File "C:\Users\MUIN\Desktop\Ali\visionguard\main.py", line 138, in main
    train_avg_loss = train_one_epoch(
  File "C:\Users\MUIN\Desktop\Ali\visionguard\src\train.py", line 26, in train_one_epoch
    loss_dict = model(images, targets)
  File "C:\Users\MUIN\anaconda3\envs\new\lib\site-packages\torch\nn\modules\module.py", line 1751, in _wrapped_call_impl
    return self._call_impl(*args, **kwargs)
  File "C:\Users\MUIN\anaconda3\envs\new\lib\site-packages\torch\nn\modules\module.py", line 1762, in _call_impl
    return forward_call(*args, **kwargs)
  File "C:\Users\MUIN\anaconda3\envs\new\lib\site-packages\torchvision\models\detection\generalized_rcnn.py", line 105, in forward
    detections, detector_losses = self.roi_heads(features, proposals, images.image_sizes, targets)
  File "C:\Users\MUIN\anaconda3\envs\new\lib\site-packages\torch\nn\modules\module.py", line 1751, in _wrapped_call_impl
    return self._call_impl(*args, **kwargs)
  File "C:\Users\MUIN\anaconda3\envs\new\lib\site-packages\torch\nn\modules\module.py", line 1762, in _call_impl
    return forward_call(*args, **kwargs)
  File "C:\Users\MUIN\anaconda3\envs\new\lib\site-packages\torchvision\models\detection\roi_heads.py", line 772, in forward
    loss_classifier, loss_box_reg = fastrcnn_loss(class_logits, box_regression, labels, regression_targets)
  File "C:\Users\MUIN\anaconda3\envs\new\lib\site-packages\torchvision\models\detection\roi_heads.py", line 36, in fastrcnn_loss
    sampled_pos_inds_subset = torch.where(labels > 0)[0]
RuntimeError: CUDA error: device-side assert triggered
CUDA kernel errors might be asynchronously reported at some other API call, so the stacktrace below might be incorrect.
For debugging consider passing CUDA_LAUNCH_BLOCKING=1
Compile with `TORCH_USE_CUDA_DSA` to enable device-side assertions.

2025-12-04 17:40:12,075 - INFO - Logging successfully Initialized
2025-12-04 17:40:12,098 - INFO - Merging COCO annotations...
2025-12-04 17:40:14,466 - INFO - Final categories created successfully
2025-12-04 17:40:14,839 - INFO - Successfully stored train annotations in data/processed/annotations/instances_train_all.json
2025-12-04 17:40:15,276 - INFO - Successfully stored val annotations in data/processed/annotations/instances_val_all.json
2025-12-04 17:40:15,285 - INFO - Merge completed.
2025-12-04 17:40:30,537 - ERROR - Unexpected error in main()
Traceback (most recent call last):
  File "C:\Users\MUIN\Desktop\Ali\visionguard\main.py", line 138, in main
    train_avg_loss = train_one_epoch(
  File "C:\Users\MUIN\Desktop\Ali\visionguard\src\train.py", line 26, in train_one_epoch
    loss_dict = model(images, targets)
  File "C:\Users\MUIN\anaconda3\envs\new\lib\site-packages\torch\nn\modules\module.py", line 1751, in _wrapped_call_impl
    return self._call_impl(*args, **kwargs)
  File "C:\Users\MUIN\anaconda3\envs\new\lib\site-packages\torch\nn\modules\module.py", line 1762, in _call_impl
    return forward_call(*args, **kwargs)
  File "C:\Users\MUIN\anaconda3\envs\new\lib\site-packages\torchvision\models\detection\generalized_rcnn.py", line 105, in forward
    detections, detector_losses = self.roi_heads(features, proposals, images.image_sizes, targets)
  File "C:\Users\MUIN\anaconda3\envs\new\lib\site-packages\torch\nn\modules\module.py", line 1751, in _wrapped_call_impl
    return self._call_impl(*args, **kwargs)
  File "C:\Users\MUIN\anaconda3\envs\new\lib\site-packages\torch\nn\modules\module.py", line 1762, in _call_impl
    return forward_call(*args, **kwargs)
  File "C:\Users\MUIN\anaconda3\envs\new\lib\site-packages\torchvision\models\detection\roi_heads.py", line 772, in forward
    loss_classifier, loss_box_reg = fastrcnn_loss(class_logits, box_regression, labels, regression_targets)
  File "C:\Users\MUIN\anaconda3\envs\new\lib\site-packages\torchvision\models\detection\roi_heads.py", line 36, in fastrcnn_loss
    sampled_pos_inds_subset = torch.where(labels > 0)[0]
RuntimeError: CUDA error: device-side assert triggered
CUDA kernel errors might be asynchronously reported at some other API call, so the stacktrace below might be incorrect.
For debugging consider passing CUDA_LAUNCH_BLOCKING=1
Compile with `TORCH_USE_CUDA_DSA` to enable device-side assertions.

2025-12-04 17:47:56,953 - INFO - Logging successfully Initialized
2025-12-04 17:47:56,973 - INFO - Merging COCO annotations...
2025-12-04 17:47:58,771 - INFO - Final categories created successfully
2025-12-04 17:47:59,156 - INFO - Successfully stored train annotations in data/processed/annotations/instances_train_all.json
2025-12-04 17:47:59,584 - INFO - Successfully stored val annotations in data/processed/annotations/instances_val_all.json
2025-12-04 17:47:59,603 - INFO - Merge completed.
2025-12-04 17:47:59,707 - INFO - Detected 44 categories. Using num_classes=45
2025-12-04 17:47:59,709 - INFO - Label range in annotations: min=1, max=44
2025-12-04 17:48:15,266 - INFO - Epoch [1] Batch [0/440] Loss: 5.5062 loss_classifier: 4.0502 loss_box_reg: 0.0085 loss_mask: 0.9674 loss_objectness: 0.4575 loss_rpn_box_reg: 0.0226
2025-12-04 17:48:30,148 - INFO - Epoch [1] Batch [10/440] Loss: 2.0562 loss_classifier: 0.3887 loss_box_reg: 0.0820 loss_mask: 0.7349 loss_objectness: 0.4291 loss_rpn_box_reg: 0.4215
2025-12-04 17:48:34,543 - INFO - Epoch [1] Batch [20/440] Loss: 0.7367 loss_classifier: 0.0423 loss_box_reg: 0.0008 loss_mask: 0.6184 loss_objectness: 0.0638 loss_rpn_box_reg: 0.0115
2025-12-04 17:48:39,469 - INFO - Epoch [1] Batch [30/440] Loss: 1.0916 loss_classifier: 0.0477 loss_box_reg: 0.0009 loss_mask: 0.6996 loss_objectness: 0.2542 loss_rpn_box_reg: 0.0892
2025-12-04 17:48:52,977 - INFO - Epoch [1] Batch [40/440] Loss: 0.8297 loss_classifier: 0.0658 loss_box_reg: 0.0005 loss_mask: 0.4912 loss_objectness: 0.2632 loss_rpn_box_reg: 0.0090
2025-12-04 17:48:56,578 - INFO - Epoch [1] Batch [50/440] Loss: 1.1930 loss_classifier: 0.0623 loss_box_reg: 0.0113 loss_mask: 0.7003 loss_objectness: 0.2629 loss_rpn_box_reg: 0.1563
2025-12-04 17:49:00,475 - INFO - Epoch [1] Batch [60/440] Loss: 1.2268 loss_classifier: 0.1858 loss_box_reg: 0.0491 loss_mask: 0.6287 loss_objectness: 0.1698 loss_rpn_box_reg: 0.1934
2025-12-04 17:49:04,372 - INFO - Epoch [1] Batch [70/440] Loss: 0.8841 loss_classifier: 0.0530 loss_box_reg: 0.0108 loss_mask: 0.7084 loss_objectness: 0.0804 loss_rpn_box_reg: 0.0314
2025-12-04 17:49:08,455 - INFO - Epoch [1] Batch [80/440] Loss: 0.9381 loss_classifier: 0.1508 loss_box_reg: 0.0564 loss_mask: 0.4750 loss_objectness: 0.1345 loss_rpn_box_reg: 0.1214
2025-12-04 17:49:12,992 - INFO - Epoch [1] Batch [90/440] Loss: 0.6147 loss_classifier: 0.0298 loss_box_reg: 0.0001 loss_mask: 0.5036 loss_objectness: 0.0728 loss_rpn_box_reg: 0.0083
2025-12-04 17:49:16,618 - INFO - Epoch [1] Batch [100/440] Loss: 0.9522 loss_classifier: 0.0579 loss_box_reg: 0.0065 loss_mask: 0.5893 loss_objectness: 0.1806 loss_rpn_box_reg: 0.1179
2025-12-04 17:49:20,619 - INFO - Epoch [1] Batch [110/440] Loss: 1.0181 loss_classifier: 0.0766 loss_box_reg: 0.0382 loss_mask: 0.5519 loss_objectness: 0.2026 loss_rpn_box_reg: 0.1489
2025-12-04 17:49:24,913 - INFO - Epoch [1] Batch [120/440] Loss: 0.5925 loss_classifier: 0.0372 loss_box_reg: 0.0079 loss_mask: 0.4055 loss_objectness: 0.1344 loss_rpn_box_reg: 0.0075
2025-12-04 17:49:29,158 - INFO - Epoch [1] Batch [130/440] Loss: 0.6932 loss_classifier: 0.0626 loss_box_reg: 0.0208 loss_mask: 0.5610 loss_objectness: 0.0381 loss_rpn_box_reg: 0.0107
2025-12-04 17:49:46,750 - INFO - Epoch [1] Batch [140/440] Loss: 1.4355 loss_classifier: 0.0242 loss_box_reg: 0.0003 loss_mask: 1.2831 loss_objectness: 0.1005 loss_rpn_box_reg: 0.0274
2025-12-04 17:49:50,606 - INFO - Epoch [1] Batch [150/440] Loss: 1.0322 loss_classifier: 0.1532 loss_box_reg: 0.0783 loss_mask: 0.5256 loss_objectness: 0.1528 loss_rpn_box_reg: 0.1224
2025-12-04 17:49:54,033 - INFO - Epoch [1] Batch [160/440] Loss: 0.7837 loss_classifier: 0.0792 loss_box_reg: 0.0219 loss_mask: 0.5191 loss_objectness: 0.1159 loss_rpn_box_reg: 0.0477
2025-12-04 17:49:58,559 - INFO - Epoch [1] Batch [170/440] Loss: 0.9623 loss_classifier: 0.0673 loss_box_reg: 0.0167 loss_mask: 0.6692 loss_objectness: 0.1135 loss_rpn_box_reg: 0.0956
2025-12-04 17:50:19,608 - INFO - Epoch [1] Batch [180/440] Loss: 0.8071 loss_classifier: 0.0737 loss_box_reg: 0.0081 loss_mask: 0.4098 loss_objectness: 0.2278 loss_rpn_box_reg: 0.0876
2025-12-04 17:50:24,853 - INFO - Epoch [1] Batch [190/440] Loss: 0.7527 loss_classifier: 0.0561 loss_box_reg: 0.0191 loss_mask: 0.6136 loss_objectness: 0.0566 loss_rpn_box_reg: 0.0072
2025-12-04 17:50:28,740 - INFO - Epoch [1] Batch [200/440] Loss: 0.8067 loss_classifier: 0.1128 loss_box_reg: 0.0594 loss_mask: 0.5608 loss_objectness: 0.0531 loss_rpn_box_reg: 0.0206
2025-12-04 17:50:42,290 - INFO - Epoch [1] Batch [210/440] Loss: 1.2605 loss_classifier: 0.2199 loss_box_reg: 0.0918 loss_mask: 0.4964 loss_objectness: 0.1583 loss_rpn_box_reg: 0.2941
2025-12-04 17:51:01,900 - INFO - Epoch [1] Batch [220/440] Loss: 0.5662 loss_classifier: 0.0437 loss_box_reg: 0.0066 loss_mask: 0.3528 loss_objectness: 0.1433 loss_rpn_box_reg: 0.0198
2025-12-04 17:51:05,837 - INFO - Epoch [1] Batch [230/440] Loss: 0.7131 loss_classifier: 0.0443 loss_box_reg: 0.0005 loss_mask: 0.5918 loss_objectness: 0.0589 loss_rpn_box_reg: 0.0176
2025-12-04 17:51:23,602 - INFO - Epoch [1] Batch [240/440] Loss: 0.9849 loss_classifier: 0.2377 loss_box_reg: 0.0790 loss_mask: 0.3922 loss_objectness: 0.1063 loss_rpn_box_reg: 0.1696
2025-12-04 17:51:27,990 - INFO - Epoch [1] Batch [250/440] Loss: 0.5023 loss_classifier: 0.0577 loss_box_reg: 0.0203 loss_mask: 0.3668 loss_objectness: 0.0557 loss_rpn_box_reg: 0.0018
2025-12-04 17:51:38,569 - INFO - Epoch [1] Batch [260/440] Loss: 0.5432 loss_classifier: 0.0656 loss_box_reg: 0.0291 loss_mask: 0.2720 loss_objectness: 0.1571 loss_rpn_box_reg: 0.0194
2025-12-04 17:52:52,314 - INFO - Epoch [1] Batch [270/440] Loss: 1.1761 loss_classifier: 0.2269 loss_box_reg: 0.0957 loss_mask: 0.5804 loss_objectness: 0.1106 loss_rpn_box_reg: 0.1626
2025-12-04 17:52:58,725 - INFO - Epoch [1] Batch [280/440] Loss: 1.0202 loss_classifier: 0.1990 loss_box_reg: 0.0791 loss_mask: 0.4663 loss_objectness: 0.1304 loss_rpn_box_reg: 0.1454
2025-12-04 17:53:19,991 - INFO - Epoch [1] Batch [290/440] Loss: 1.4716 loss_classifier: 0.0396 loss_box_reg: 0.0082 loss_mask: 0.4512 loss_objectness: 0.0667 loss_rpn_box_reg: 0.9060
2025-12-04 17:53:26,401 - INFO - Epoch [1] Batch [300/440] Loss: 0.5407 loss_classifier: 0.0950 loss_box_reg: 0.0242 loss_mask: 0.2442 loss_objectness: 0.1557 loss_rpn_box_reg: 0.0216
2025-12-04 17:53:36,035 - INFO - Epoch [1] Batch [310/440] Loss: 1.0060 loss_classifier: 0.0884 loss_box_reg: 0.0258 loss_mask: 0.5164 loss_objectness: 0.1293 loss_rpn_box_reg: 0.2461
2025-12-04 17:53:59,706 - INFO - Epoch [1] Batch [320/440] Loss: 0.5834 loss_classifier: 0.0833 loss_box_reg: 0.0478 loss_mask: 0.4159 loss_objectness: 0.0231 loss_rpn_box_reg: 0.0133
2025-12-04 17:54:10,762 - INFO - Epoch [1] Batch [330/440] Loss: 0.6111 loss_classifier: 0.0242 loss_box_reg: 0.0003 loss_mask: 0.5125 loss_objectness: 0.0634 loss_rpn_box_reg: 0.0108
2025-12-04 17:54:16,330 - INFO - Epoch [1] Batch [340/440] Loss: 0.6858 loss_classifier: 0.0340 loss_box_reg: 0.0114 loss_mask: 0.6130 loss_objectness: 0.0233 loss_rpn_box_reg: 0.0041
2025-12-04 17:54:20,590 - INFO - Epoch [1] Batch [350/440] Loss: 0.9171 loss_classifier: 0.0365 loss_box_reg: 0.0103 loss_mask: 0.8002 loss_objectness: 0.0660 loss_rpn_box_reg: 0.0042
2025-12-04 17:54:28,326 - INFO - Epoch [1] Batch [360/440] Loss: 0.6248 loss_classifier: 0.0917 loss_box_reg: 0.0488 loss_mask: 0.4229 loss_objectness: 0.0457 loss_rpn_box_reg: 0.0157
2025-12-04 17:54:34,032 - INFO - Epoch [1] Batch [370/440] Loss: 0.9686 loss_classifier: 0.1484 loss_box_reg: 0.0475 loss_mask: 0.4965 loss_objectness: 0.1292 loss_rpn_box_reg: 0.1471
2025-12-04 17:55:11,563 - INFO - Epoch [1] Batch [380/440] Loss: 0.5050 loss_classifier: 0.0742 loss_box_reg: 0.0241 loss_mask: 0.3224 loss_objectness: 0.0717 loss_rpn_box_reg: 0.0126
2025-12-04 17:55:28,915 - INFO - Epoch [1] Batch [390/440] Loss: 0.7033 loss_classifier: 0.0811 loss_box_reg: 0.0362 loss_mask: 0.4484 loss_objectness: 0.1050 loss_rpn_box_reg: 0.0326
2025-12-04 17:55:35,332 - INFO - Epoch [1] Batch [400/440] Loss: 0.4625 loss_classifier: 0.1184 loss_box_reg: 0.0593 loss_mask: 0.2157 loss_objectness: 0.0461 loss_rpn_box_reg: 0.0229
2025-12-04 17:55:41,222 - INFO - Epoch [1] Batch [410/440] Loss: 1.2365 loss_classifier: 0.1089 loss_box_reg: 0.0193 loss_mask: 0.6020 loss_objectness: 0.1663 loss_rpn_box_reg: 0.3401
2025-12-04 17:55:50,783 - INFO - Epoch [1] Batch [420/440] Loss: 1.2965 loss_classifier: 0.1003 loss_box_reg: 0.0151 loss_mask: 0.4447 loss_objectness: 0.4695 loss_rpn_box_reg: 0.2669
2025-12-04 17:55:57,604 - INFO - Epoch [1] Batch [430/440] Loss: 1.0307 loss_classifier: 0.3968 loss_box_reg: 0.2106 loss_mask: 0.3950 loss_objectness: 0.0170 loss_rpn_box_reg: 0.0112
2025-12-04 17:56:27,366 - ERROR - Unexpected error in main()
Traceback (most recent call last):
  File "C:\Users\MUIN\Desktop\Ali\visionguard\main.py", line 155, in main
    val_avg_loss = evaluate_one_epoch(
  File "C:\Users\MUIN\Desktop\Ali\visionguard\src\train.py", line 66, in evaluate_one_epoch
    loss = sum(loss_dict.values())
AttributeError: 'list' object has no attribute 'values'
2025-12-04 18:07:43,827 - INFO - Logging successfully Initialized
2025-12-04 18:07:43,851 - INFO - Merging COCO annotations...
2025-12-04 18:07:46,725 - INFO - Final categories created successfully
2025-12-04 18:07:47,168 - INFO - Successfully stored train annotations in data/processed/annotations/instances_train_all.json
2025-12-04 18:07:47,673 - INFO - Successfully stored val annotations in data/processed/annotations/instances_val_all.json
2025-12-04 18:07:47,690 - INFO - Merge completed.
2025-12-04 18:07:47,794 - INFO - Detected 44 categories. Using num_classes=45
2025-12-04 18:07:47,794 - INFO - Label range in annotations: min=1, max=44
2025-12-04 18:08:17,862 - INFO - Epoch [1] Batch [0/440] Loss: 8.8649 loss_classifier: 3.8797 loss_box_reg: 0.0947 loss_mask: 1.2731 loss_objectness: 3.2507 loss_rpn_box_reg: 0.3666
2025-12-04 18:08:29,693 - INFO - Epoch [1] Batch [10/440] Loss: 1.1391 loss_classifier: 0.0661 loss_box_reg: 0.0234 loss_mask: 0.7485 loss_objectness: 0.2731 loss_rpn_box_reg: 0.0279
2025-12-04 18:08:34,444 - INFO - Epoch [1] Batch [20/440] Loss: 1.0627 loss_classifier: 0.0814 loss_box_reg: 0.0014 loss_mask: 0.7048 loss_objectness: 0.1633 loss_rpn_box_reg: 0.1120
2025-12-04 18:08:52,758 - INFO - Epoch [1] Batch [30/440] Loss: 1.0162 loss_classifier: 0.0442 loss_box_reg: 0.0094 loss_mask: 0.6809 loss_objectness: 0.1475 loss_rpn_box_reg: 0.1341
2025-12-04 18:09:05,877 - INFO - Epoch [1] Batch [40/440] Loss: 0.9489 loss_classifier: 0.0179 loss_box_reg: 0.0005 loss_mask: 0.7165 loss_objectness: 0.1909 loss_rpn_box_reg: 0.0229
2025-12-04 18:09:10,427 - INFO - Epoch [1] Batch [50/440] Loss: 1.9409 loss_classifier: 0.1091 loss_box_reg: 0.0236 loss_mask: 0.6626 loss_objectness: 0.2596 loss_rpn_box_reg: 0.8860
2025-12-04 18:09:14,913 - INFO - Epoch [1] Batch [60/440] Loss: 0.8792 loss_classifier: 0.0651 loss_box_reg: 0.0122 loss_mask: 0.6761 loss_objectness: 0.0985 loss_rpn_box_reg: 0.0273
2025-12-04 18:09:19,321 - INFO - Epoch [1] Batch [70/440] Loss: 0.9206 loss_classifier: 0.0853 loss_box_reg: 0.0407 loss_mask: 0.6182 loss_objectness: 0.1470 loss_rpn_box_reg: 0.0293
2025-12-04 18:09:48,863 - INFO - Logging successfully Initialized
2025-12-04 18:09:48,881 - INFO - Merging COCO annotations...
2025-12-04 18:09:51,043 - INFO - Final categories created successfully
2025-12-04 18:09:51,484 - INFO - Successfully stored train annotations in data/processed/annotations/instances_train_all.json
2025-12-04 18:09:52,012 - INFO - Successfully stored val annotations in data/processed/annotations/instances_val_all.json
2025-12-04 18:09:52,014 - INFO - Merge completed.
2025-12-04 18:09:52,139 - INFO - Detected 44 categories. Using num_classes=45
2025-12-04 18:09:52,139 - INFO - Label range in annotations: min=1, max=44
2025-12-04 18:10:08,248 - INFO - Epoch [1] Batch [0/440] Loss: 11.9418 loss_classifier: 4.0366 loss_box_reg: 0.0875 loss_mask: 1.0925 loss_objectness: 5.9501 loss_rpn_box_reg: 0.7751
2025-12-04 18:10:12,508 - INFO - Epoch [1] Batch [10/440] Loss: 1.1030 loss_classifier: 0.0507 loss_box_reg: 0.0042 loss_mask: 0.6915 loss_objectness: 0.3143 loss_rpn_box_reg: 0.0423
2025-12-04 18:10:17,009 - INFO - Epoch [1] Batch [20/440] Loss: 0.7695 loss_classifier: 0.0465 loss_box_reg: 0.0019 loss_mask: 0.6511 loss_objectness: 0.0543 loss_rpn_box_reg: 0.0156
2025-12-04 18:10:21,559 - INFO - Epoch [1] Batch [30/440] Loss: 0.8898 loss_classifier: 0.0673 loss_box_reg: 0.0069 loss_mask: 0.6715 loss_objectness: 0.1123 loss_rpn_box_reg: 0.0318
2025-12-04 18:10:26,235 - INFO - Epoch [1] Batch [40/440] Loss: 1.2567 loss_classifier: 0.1068 loss_box_reg: 0.0281 loss_mask: 0.6747 loss_objectness: 0.3057 loss_rpn_box_reg: 0.1413
2025-12-04 18:10:31,069 - INFO - Epoch [1] Batch [50/440] Loss: 0.8871 loss_classifier: 0.0549 loss_box_reg: 0.0155 loss_mask: 0.6611 loss_objectness: 0.1371 loss_rpn_box_reg: 0.0186
2025-12-04 18:10:35,974 - INFO - Epoch [1] Batch [60/440] Loss: 0.7425 loss_classifier: 0.0254 loss_box_reg: 0.0005 loss_mask: 0.5979 loss_objectness: 0.1167 loss_rpn_box_reg: 0.0020
2025-12-04 18:10:40,774 - INFO - Epoch [1] Batch [70/440] Loss: 1.4355 loss_classifier: 0.2266 loss_box_reg: 0.0472 loss_mask: 0.5224 loss_objectness: 0.4491 loss_rpn_box_reg: 0.1902
2025-12-04 18:10:45,223 - INFO - Epoch [1] Batch [80/440] Loss: 1.3176 loss_classifier: 0.0846 loss_box_reg: 0.0203 loss_mask: 0.6690 loss_objectness: 0.2519 loss_rpn_box_reg: 0.2918
2025-12-04 18:10:49,699 - INFO - Epoch [1] Batch [90/440] Loss: 0.9065 loss_classifier: 0.0675 loss_box_reg: 0.0222 loss_mask: 0.6488 loss_objectness: 0.1422 loss_rpn_box_reg: 0.0258
2025-12-04 18:10:54,404 - INFO - Epoch [1] Batch [100/440] Loss: 0.9633 loss_classifier: 0.1814 loss_box_reg: 0.0691 loss_mask: 0.5066 loss_objectness: 0.1235 loss_rpn_box_reg: 0.0827
2025-12-04 18:10:58,817 - INFO - Epoch [1] Batch [110/440] Loss: 1.9862 loss_classifier: 0.0373 loss_box_reg: 0.0031 loss_mask: 0.6728 loss_objectness: 0.3068 loss_rpn_box_reg: 0.9662
2025-12-04 18:11:03,422 - INFO - Epoch [1] Batch [120/440] Loss: 0.5687 loss_classifier: 0.0341 loss_box_reg: 0.0066 loss_mask: 0.4352 loss_objectness: 0.0898 loss_rpn_box_reg: 0.0029
2025-12-04 18:11:07,684 - INFO - Epoch [1] Batch [130/440] Loss: 1.1536 loss_classifier: 0.2015 loss_box_reg: 0.0893 loss_mask: 0.4484 loss_objectness: 0.2845 loss_rpn_box_reg: 0.1298
2025-12-04 18:11:12,142 - INFO - Epoch [1] Batch [140/440] Loss: 0.8227 loss_classifier: 0.0502 loss_box_reg: 0.0119 loss_mask: 0.6788 loss_objectness: 0.0595 loss_rpn_box_reg: 0.0223
2025-12-04 18:11:16,738 - INFO - Epoch [1] Batch [150/440] Loss: 0.9552 loss_classifier: 0.0603 loss_box_reg: 0.0117 loss_mask: 0.5639 loss_objectness: 0.1852 loss_rpn_box_reg: 0.1340
2025-12-04 18:11:21,611 - INFO - Epoch [1] Batch [160/440] Loss: 0.9516 loss_classifier: 0.0287 loss_box_reg: 0.0038 loss_mask: 0.7379 loss_objectness: 0.0835 loss_rpn_box_reg: 0.0977
2025-12-04 18:11:26,190 - INFO - Epoch [1] Batch [170/440] Loss: 2.1206 loss_classifier: 0.1508 loss_box_reg: 0.0175 loss_mask: 0.6349 loss_objectness: 0.6937 loss_rpn_box_reg: 0.6237
2025-12-04 18:11:30,677 - INFO - Epoch [1] Batch [180/440] Loss: 0.6667 loss_classifier: 0.0537 loss_box_reg: 0.0152 loss_mask: 0.4384 loss_objectness: 0.1256 loss_rpn_box_reg: 0.0338
2025-12-04 18:11:35,273 - INFO - Epoch [1] Batch [190/440] Loss: 0.9725 loss_classifier: 0.1938 loss_box_reg: 0.0601 loss_mask: 0.5808 loss_objectness: 0.1024 loss_rpn_box_reg: 0.0355
2025-12-04 18:11:40,466 - INFO - Epoch [1] Batch [200/440] Loss: 1.1971 loss_classifier: 0.2281 loss_box_reg: 0.0875 loss_mask: 0.5451 loss_objectness: 0.1615 loss_rpn_box_reg: 0.1749
2025-12-04 18:11:44,853 - INFO - Epoch [1] Batch [210/440] Loss: 1.6040 loss_classifier: 0.0527 loss_box_reg: 0.0232 loss_mask: 0.6481 loss_objectness: 0.2437 loss_rpn_box_reg: 0.6363
2025-12-04 18:11:49,773 - INFO - Epoch [1] Batch [220/440] Loss: 0.9116 loss_classifier: 0.1761 loss_box_reg: 0.0683 loss_mask: 0.4419 loss_objectness: 0.1585 loss_rpn_box_reg: 0.0667
2025-12-04 18:11:54,634 - INFO - Epoch [1] Batch [230/440] Loss: 0.8772 loss_classifier: 0.1289 loss_box_reg: 0.0502 loss_mask: 0.3248 loss_objectness: 0.3090 loss_rpn_box_reg: 0.0642
2025-12-04 18:11:59,437 - INFO - Epoch [1] Batch [240/440] Loss: 1.2888 loss_classifier: 0.1061 loss_box_reg: 0.0349 loss_mask: 1.0697 loss_objectness: 0.0711 loss_rpn_box_reg: 0.0069
2025-12-04 18:12:04,465 - INFO - Epoch [1] Batch [250/440] Loss: 0.9027 loss_classifier: 0.1466 loss_box_reg: 0.0612 loss_mask: 0.5648 loss_objectness: 0.1044 loss_rpn_box_reg: 0.0258
2025-12-04 18:12:09,082 - INFO - Epoch [1] Batch [260/440] Loss: 1.2027 loss_classifier: 0.1642 loss_box_reg: 0.0998 loss_mask: 0.3939 loss_objectness: 0.2216 loss_rpn_box_reg: 0.3232
2025-12-04 18:12:13,679 - INFO - Epoch [1] Batch [270/440] Loss: 0.6996 loss_classifier: 0.0637 loss_box_reg: 0.0056 loss_mask: 0.3986 loss_objectness: 0.1583 loss_rpn_box_reg: 0.0734
2025-12-04 18:12:18,602 - INFO - Epoch [1] Batch [280/440] Loss: 1.7463 loss_classifier: 0.2761 loss_box_reg: 0.1114 loss_mask: 0.6369 loss_objectness: 0.3762 loss_rpn_box_reg: 0.3457
2025-12-04 18:12:23,492 - INFO - Epoch [1] Batch [290/440] Loss: 0.7482 loss_classifier: 0.0609 loss_box_reg: 0.0329 loss_mask: 0.5698 loss_objectness: 0.0639 loss_rpn_box_reg: 0.0207
2025-12-04 18:12:28,663 - INFO - Epoch [1] Batch [300/440] Loss: 1.0622 loss_classifier: 0.0486 loss_box_reg: 0.0100 loss_mask: 0.5565 loss_objectness: 0.2802 loss_rpn_box_reg: 0.1668
2025-12-04 18:12:33,642 - INFO - Epoch [1] Batch [310/440] Loss: 0.8384 loss_classifier: 0.1611 loss_box_reg: 0.0709 loss_mask: 0.3383 loss_objectness: 0.1385 loss_rpn_box_reg: 0.1295
2025-12-04 18:12:38,920 - INFO - Epoch [1] Batch [320/440] Loss: 0.3427 loss_classifier: 0.0388 loss_box_reg: 0.0115 loss_mask: 0.2064 loss_objectness: 0.0370 loss_rpn_box_reg: 0.0490
2025-12-04 18:12:44,223 - INFO - Epoch [1] Batch [330/440] Loss: 0.7050 loss_classifier: 0.0617 loss_box_reg: 0.0226 loss_mask: 0.4930 loss_objectness: 0.0475 loss_rpn_box_reg: 0.0801
2025-12-04 18:12:48,805 - INFO - Epoch [1] Batch [340/440] Loss: 0.7573 loss_classifier: 0.1252 loss_box_reg: 0.0656 loss_mask: 0.4145 loss_objectness: 0.0945 loss_rpn_box_reg: 0.0576
2025-12-04 18:12:53,433 - INFO - Epoch [1] Batch [350/440] Loss: 1.1018 loss_classifier: 0.2137 loss_box_reg: 0.0895 loss_mask: 0.4576 loss_objectness: 0.1385 loss_rpn_box_reg: 0.2026
2025-12-04 18:12:58,759 - INFO - Epoch [1] Batch [360/440] Loss: 0.6071 loss_classifier: 0.0316 loss_box_reg: 0.0009 loss_mask: 0.4824 loss_objectness: 0.0689 loss_rpn_box_reg: 0.0233
2025-12-04 18:13:03,545 - INFO - Epoch [1] Batch [370/440] Loss: 0.7081 loss_classifier: 0.2218 loss_box_reg: 0.1191 loss_mask: 0.2680 loss_objectness: 0.0867 loss_rpn_box_reg: 0.0125
2025-12-04 18:13:08,472 - INFO - Epoch [1] Batch [380/440] Loss: 0.5324 loss_classifier: 0.0542 loss_box_reg: 0.0001 loss_mask: 0.3116 loss_objectness: 0.1537 loss_rpn_box_reg: 0.0128
2025-12-04 18:13:14,268 - INFO - Epoch [1] Batch [390/440] Loss: 0.7783 loss_classifier: 0.0649 loss_box_reg: 0.0230 loss_mask: 0.5866 loss_objectness: 0.0815 loss_rpn_box_reg: 0.0223
2025-12-04 18:13:19,882 - INFO - Epoch [1] Batch [400/440] Loss: 0.4514 loss_classifier: 0.0620 loss_box_reg: 0.0209 loss_mask: 0.2357 loss_objectness: 0.1304 loss_rpn_box_reg: 0.0024
2025-12-04 18:13:24,892 - INFO - Epoch [1] Batch [410/440] Loss: 1.2231 loss_classifier: 0.2495 loss_box_reg: 0.1067 loss_mask: 0.4992 loss_objectness: 0.1440 loss_rpn_box_reg: 0.2236
2025-12-04 18:13:29,985 - INFO - Epoch [1] Batch [420/440] Loss: 0.7470 loss_classifier: 0.0253 loss_box_reg: 0.0004 loss_mask: 0.4608 loss_objectness: 0.0829 loss_rpn_box_reg: 0.1776
2025-12-04 18:13:34,961 - INFO - Epoch [1] Batch [430/440] Loss: 0.8713 loss_classifier: 0.1513 loss_box_reg: 0.0697 loss_mask: 0.3187 loss_objectness: 0.0733 loss_rpn_box_reg: 0.2583
2025-12-04 18:13:55,153 - INFO - [VAL] Epoch: [1] Batch: [0/507] Loss: 0.5912 loss_classifier: 0.1686 loss_box_reg: 0.0885 loss_mask: 0.2458 loss_objectness: 0.0823 loss_rpn_box_reg: 0.0060
2025-12-04 18:13:57,355 - INFO - [VAL] Epoch: [1] Batch: [10/507] Loss: 0.8701 loss_classifier: 0.1206 loss_box_reg: 0.0421 loss_mask: 0.4466 loss_objectness: 0.1479 loss_rpn_box_reg: 0.1129
2025-12-04 18:13:59,678 - INFO - [VAL] Epoch: [1] Batch: [20/507] Loss: 0.5546 loss_classifier: 0.0949 loss_box_reg: 0.0379 loss_mask: 0.3657 loss_objectness: 0.0539 loss_rpn_box_reg: 0.0022
2025-12-04 18:14:02,006 - INFO - [VAL] Epoch: [1] Batch: [30/507] Loss: 0.6616 loss_classifier: 0.1790 loss_box_reg: 0.0903 loss_mask: 0.2969 loss_objectness: 0.0907 loss_rpn_box_reg: 0.0047
2025-12-04 18:14:04,233 - INFO - [VAL] Epoch: [1] Batch: [40/507] Loss: 0.7043 loss_classifier: 0.0661 loss_box_reg: 0.0176 loss_mask: 0.5616 loss_objectness: 0.0520 loss_rpn_box_reg: 0.0070
2025-12-04 18:14:06,448 - INFO - [VAL] Epoch: [1] Batch: [50/507] Loss: 0.8661 loss_classifier: 0.0718 loss_box_reg: 0.0305 loss_mask: 0.3692 loss_objectness: 0.3162 loss_rpn_box_reg: 0.0784
2025-12-04 18:14:08,703 - INFO - [VAL] Epoch: [1] Batch: [60/507] Loss: 0.8449 loss_classifier: 0.1863 loss_box_reg: 0.1020 loss_mask: 0.4839 loss_objectness: 0.0522 loss_rpn_box_reg: 0.0205
2025-12-04 18:14:10,786 - INFO - [VAL] Epoch: [1] Batch: [70/507] Loss: 0.3430 loss_classifier: 0.0442 loss_box_reg: 0.0111 loss_mask: 0.2306 loss_objectness: 0.0566 loss_rpn_box_reg: 0.0005
2025-12-04 18:14:12,588 - INFO - [VAL] Epoch: [1] Batch: [80/507] Loss: 0.5383 loss_classifier: 0.1080 loss_box_reg: 0.0502 loss_mask: 0.3265 loss_objectness: 0.0458 loss_rpn_box_reg: 0.0078
2025-12-04 18:14:14,696 - INFO - [VAL] Epoch: [1] Batch: [90/507] Loss: 0.6129 loss_classifier: 0.0554 loss_box_reg: 0.0209 loss_mask: 0.2735 loss_objectness: 0.1921 loss_rpn_box_reg: 0.0711
2025-12-04 18:14:17,097 - INFO - [VAL] Epoch: [1] Batch: [100/507] Loss: 2.1102 loss_classifier: 0.1092 loss_box_reg: 0.0436 loss_mask: 1.8452 loss_objectness: 0.1104 loss_rpn_box_reg: 0.0017
2025-12-04 18:14:19,610 - INFO - [VAL] Epoch: [1] Batch: [110/507] Loss: 0.9882 loss_classifier: 0.0961 loss_box_reg: 0.0422 loss_mask: 0.7492 loss_objectness: 0.0997 loss_rpn_box_reg: 0.0010
2025-12-04 18:14:23,578 - INFO - [VAL] Epoch: [1] Batch: [120/507] Loss: 1.1425 loss_classifier: 0.0521 loss_box_reg: 0.0052 loss_mask: 0.7769 loss_objectness: 0.1623 loss_rpn_box_reg: 0.1459
2025-12-04 18:14:27,446 - INFO - [VAL] Epoch: [1] Batch: [130/507] Loss: 0.7065 loss_classifier: 0.0206 loss_box_reg: 0.0035 loss_mask: 0.5388 loss_objectness: 0.0311 loss_rpn_box_reg: 0.1125
2025-12-04 18:14:31,166 - INFO - [VAL] Epoch: [1] Batch: [140/507] Loss: 0.8485 loss_classifier: 0.0873 loss_box_reg: 0.0476 loss_mask: 0.5726 loss_objectness: 0.0755 loss_rpn_box_reg: 0.0654
2025-12-04 18:14:35,073 - INFO - [VAL] Epoch: [1] Batch: [150/507] Loss: 1.4302 loss_classifier: 0.0475 loss_box_reg: 0.0177 loss_mask: 0.3855 loss_objectness: 0.0737 loss_rpn_box_reg: 0.9058
2025-12-04 18:14:38,685 - INFO - [VAL] Epoch: [1] Batch: [160/507] Loss: 1.2298 loss_classifier: 0.0528 loss_box_reg: 0.0254 loss_mask: 0.5103 loss_objectness: 0.1799 loss_rpn_box_reg: 0.4613
2025-12-04 18:14:40,931 - INFO - [VAL] Epoch: [1] Batch: [170/507] Loss: 0.3583 loss_classifier: 0.1192 loss_box_reg: 0.0717 loss_mask: 0.1226 loss_objectness: 0.0368 loss_rpn_box_reg: 0.0080
2025-12-04 18:14:43,067 - INFO - [VAL] Epoch: [1] Batch: [180/507] Loss: 0.3713 loss_classifier: 0.1134 loss_box_reg: 0.0565 loss_mask: 0.1478 loss_objectness: 0.0463 loss_rpn_box_reg: 0.0073
2025-12-04 18:14:45,151 - INFO - [VAL] Epoch: [1] Batch: [190/507] Loss: 0.6861 loss_classifier: 0.0601 loss_box_reg: 0.0288 loss_mask: 0.5554 loss_objectness: 0.0305 loss_rpn_box_reg: 0.0113
2025-12-04 18:14:47,305 - INFO - [VAL] Epoch: [1] Batch: [200/507] Loss: 0.4242 loss_classifier: 0.1004 loss_box_reg: 0.0526 loss_mask: 0.2085 loss_objectness: 0.0606 loss_rpn_box_reg: 0.0021
2025-12-04 18:14:49,419 - INFO - [VAL] Epoch: [1] Batch: [210/507] Loss: 0.4478 loss_classifier: 0.1095 loss_box_reg: 0.0481 loss_mask: 0.1847 loss_objectness: 0.0716 loss_rpn_box_reg: 0.0339
2025-12-04 18:14:51,520 - INFO - [VAL] Epoch: [1] Batch: [220/507] Loss: 0.8794 loss_classifier: 0.0709 loss_box_reg: 0.0335 loss_mask: 0.7260 loss_objectness: 0.0407 loss_rpn_box_reg: 0.0082
2025-12-04 18:14:53,614 - INFO - [VAL] Epoch: [1] Batch: [230/507] Loss: 0.5449 loss_classifier: 0.0840 loss_box_reg: 0.0494 loss_mask: 0.3664 loss_objectness: 0.0337 loss_rpn_box_reg: 0.0114
2025-12-04 18:14:55,746 - INFO - [VAL] Epoch: [1] Batch: [240/507] Loss: 0.7151 loss_classifier: 0.0896 loss_box_reg: 0.0466 loss_mask: 0.5270 loss_objectness: 0.0462 loss_rpn_box_reg: 0.0056
2025-12-04 18:14:57,660 - INFO - [VAL] Epoch: [1] Batch: [250/507] Loss: 0.7771 loss_classifier: 0.0795 loss_box_reg: 0.0333 loss_mask: 0.5252 loss_objectness: 0.0699 loss_rpn_box_reg: 0.0692
2025-12-04 18:14:59,594 - INFO - [VAL] Epoch: [1] Batch: [260/507] Loss: 0.6968 loss_classifier: 0.1163 loss_box_reg: 0.0560 loss_mask: 0.4697 loss_objectness: 0.0311 loss_rpn_box_reg: 0.0237
2025-12-04 18:15:01,518 - INFO - [VAL] Epoch: [1] Batch: [270/507] Loss: 0.7602 loss_classifier: 0.0925 loss_box_reg: 0.0411 loss_mask: 0.3786 loss_objectness: 0.1544 loss_rpn_box_reg: 0.0937
2025-12-04 18:15:03,809 - INFO - [VAL] Epoch: [1] Batch: [280/507] Loss: 1.3039 loss_classifier: 0.3953 loss_box_reg: 0.2343 loss_mask: 0.3689 loss_objectness: 0.1451 loss_rpn_box_reg: 0.1604
2025-12-04 18:15:06,089 - INFO - [VAL] Epoch: [1] Batch: [290/507] Loss: 1.2333 loss_classifier: 0.3490 loss_box_reg: 0.2307 loss_mask: 0.4191 loss_objectness: 0.0966 loss_rpn_box_reg: 0.1379
2025-12-04 18:15:08,384 - INFO - [VAL] Epoch: [1] Batch: [300/507] Loss: 1.3498 loss_classifier: 0.4708 loss_box_reg: 0.2524 loss_mask: 0.3854 loss_objectness: 0.1238 loss_rpn_box_reg: 0.1174
2025-12-04 18:15:10,684 - INFO - [VAL] Epoch: [1] Batch: [310/507] Loss: 1.2810 loss_classifier: 0.3435 loss_box_reg: 0.1798 loss_mask: 0.4489 loss_objectness: 0.1877 loss_rpn_box_reg: 0.1211
2025-12-04 18:15:13,035 - INFO - [VAL] Epoch: [1] Batch: [320/507] Loss: 1.4511 loss_classifier: 0.5058 loss_box_reg: 0.3093 loss_mask: 0.3621 loss_objectness: 0.0631 loss_rpn_box_reg: 0.2107
2025-12-04 18:15:15,282 - INFO - [VAL] Epoch: [1] Batch: [330/507] Loss: 0.8918 loss_classifier: 0.2051 loss_box_reg: 0.0953 loss_mask: 0.4642 loss_objectness: 0.0994 loss_rpn_box_reg: 0.0278
2025-12-04 18:15:17,980 - INFO - [VAL] Epoch: [1] Batch: [340/507] Loss: 1.9432 loss_classifier: 0.4633 loss_box_reg: 0.2071 loss_mask: 0.5285 loss_objectness: 0.3521 loss_rpn_box_reg: 0.3921
2025-12-04 18:15:20,842 - INFO - [VAL] Epoch: [1] Batch: [350/507] Loss: 0.6219 loss_classifier: 0.0545 loss_box_reg: 0.0199 loss_mask: 0.4049 loss_objectness: 0.1402 loss_rpn_box_reg: 0.0024
2025-12-04 18:15:24,631 - INFO - [VAL] Epoch: [1] Batch: [360/507] Loss: 1.1815 loss_classifier: 0.2072 loss_box_reg: 0.1333 loss_mask: 0.4159 loss_objectness: 0.1436 loss_rpn_box_reg: 0.2815
2025-12-04 18:15:28,293 - INFO - [VAL] Epoch: [1] Batch: [370/507] Loss: 2.0989 loss_classifier: 0.4765 loss_box_reg: 0.2259 loss_mask: 0.4765 loss_objectness: 0.4820 loss_rpn_box_reg: 0.4379
2025-12-04 18:15:31,470 - INFO - [VAL] Epoch: [1] Batch: [380/507] Loss: 1.2740 loss_classifier: 0.2656 loss_box_reg: 0.1347 loss_mask: 0.4595 loss_objectness: 0.1621 loss_rpn_box_reg: 0.2520
2025-12-04 18:15:35,283 - INFO - [VAL] Epoch: [1] Batch: [390/507] Loss: 1.3767 loss_classifier: 0.4097 loss_box_reg: 0.2337 loss_mask: 0.4023 loss_objectness: 0.1217 loss_rpn_box_reg: 0.2092
2025-12-04 18:15:37,835 - INFO - [VAL] Epoch: [1] Batch: [400/507] Loss: 0.8391 loss_classifier: 0.3570 loss_box_reg: 0.1884 loss_mask: 0.2279 loss_objectness: 0.0521 loss_rpn_box_reg: 0.0137
2025-12-04 18:15:40,226 - INFO - [VAL] Epoch: [1] Batch: [410/507] Loss: 0.8288 loss_classifier: 0.2062 loss_box_reg: 0.0857 loss_mask: 0.3009 loss_objectness: 0.0879 loss_rpn_box_reg: 0.1480
2025-12-04 18:15:42,564 - INFO - [VAL] Epoch: [1] Batch: [420/507] Loss: 0.5353 loss_classifier: 0.1899 loss_box_reg: 0.0875 loss_mask: 0.1720 loss_objectness: 0.0745 loss_rpn_box_reg: 0.0113
2025-12-04 18:15:44,780 - INFO - [VAL] Epoch: [1] Batch: [430/507] Loss: 0.7165 loss_classifier: 0.0936 loss_box_reg: 0.0501 loss_mask: 0.4697 loss_objectness: 0.0316 loss_rpn_box_reg: 0.0716
2025-12-04 18:15:46,701 - INFO - [VAL] Epoch: [1] Batch: [440/507] Loss: 0.7353 loss_classifier: 0.0964 loss_box_reg: 0.0398 loss_mask: 0.4859 loss_objectness: 0.0532 loss_rpn_box_reg: 0.0600
2025-12-04 18:15:48,586 - INFO - [VAL] Epoch: [1] Batch: [450/507] Loss: 0.8724 loss_classifier: 0.1062 loss_box_reg: 0.0479 loss_mask: 0.6688 loss_objectness: 0.0404 loss_rpn_box_reg: 0.0090
2025-12-04 18:15:50,634 - INFO - [VAL] Epoch: [1] Batch: [460/507] Loss: 0.5891 loss_classifier: 0.0470 loss_box_reg: 0.0148 loss_mask: 0.4866 loss_objectness: 0.0260 loss_rpn_box_reg: 0.0148
2025-12-04 18:15:52,666 - INFO - [VAL] Epoch: [1] Batch: [470/507] Loss: 0.6700 loss_classifier: 0.1081 loss_box_reg: 0.0661 loss_mask: 0.4792 loss_objectness: 0.0133 loss_rpn_box_reg: 0.0034
2025-12-04 18:15:54,704 - INFO - [VAL] Epoch: [1] Batch: [480/507] Loss: 0.7190 loss_classifier: 0.0291 loss_box_reg: 0.0043 loss_mask: 0.6052 loss_objectness: 0.0249 loss_rpn_box_reg: 0.0555
2025-12-04 18:15:56,806 - INFO - [VAL] Epoch: [1] Batch: [490/507] Loss: 0.9131 loss_classifier: 0.1900 loss_box_reg: 0.0841 loss_mask: 0.3805 loss_objectness: 0.0668 loss_rpn_box_reg: 0.1917
2025-12-04 18:15:58,839 - INFO - [VAL] Epoch: [1] Batch: [500/507] Loss: 0.6116 loss_classifier: 0.0786 loss_box_reg: 0.0345 loss_mask: 0.4038 loss_objectness: 0.0886 loss_rpn_box_reg: 0.0060
2025-12-04 18:16:00,742 - INFO - Epoch: [1/20]Train_loss: 1.0406 | Val loss: 0.8667
2025-12-04 18:16:17,641 - INFO - Epoch [2] Batch [0/440] Loss: 1.4377 loss_classifier: 0.4461 loss_box_reg: 0.2326 loss_mask: 0.3597 loss_objectness: 0.1994 loss_rpn_box_reg: 0.1999
2025-12-04 18:16:22,177 - INFO - Epoch [2] Batch [10/440] Loss: 0.7018 loss_classifier: 0.0627 loss_box_reg: 0.0210 loss_mask: 0.5705 loss_objectness: 0.0342 loss_rpn_box_reg: 0.0135
2025-12-04 18:16:26,929 - INFO - Epoch [2] Batch [20/440] Loss: 0.6118 loss_classifier: 0.0745 loss_box_reg: 0.0340 loss_mask: 0.4638 loss_objectness: 0.0367 loss_rpn_box_reg: 0.0028
2025-12-04 18:16:31,702 - INFO - Epoch [2] Batch [30/440] Loss: 1.0514 loss_classifier: 0.1682 loss_box_reg: 0.1058 loss_mask: 0.5482 loss_objectness: 0.1098 loss_rpn_box_reg: 0.1195
2025-12-04 18:16:36,625 - INFO - Epoch [2] Batch [40/440] Loss: 1.5065 loss_classifier: 0.2417 loss_box_reg: 0.1186 loss_mask: 0.5250 loss_objectness: 0.3931 loss_rpn_box_reg: 0.2281
2025-12-04 18:16:41,560 - INFO - Epoch [2] Batch [50/440] Loss: 0.5078 loss_classifier: 0.0835 loss_box_reg: 0.0563 loss_mask: 0.3499 loss_objectness: 0.0099 loss_rpn_box_reg: 0.0082
2025-12-04 18:16:46,386 - INFO - Epoch [2] Batch [60/440] Loss: 0.8394 loss_classifier: 0.1879 loss_box_reg: 0.1174 loss_mask: 0.3867 loss_objectness: 0.0495 loss_rpn_box_reg: 0.0978
2025-12-04 18:16:50,936 - INFO - Epoch [2] Batch [70/440] Loss: 0.8333 loss_classifier: 0.1971 loss_box_reg: 0.1265 loss_mask: 0.4380 loss_objectness: 0.0248 loss_rpn_box_reg: 0.0469
2025-12-04 18:16:55,454 - INFO - Epoch [2] Batch [80/440] Loss: 0.5066 loss_classifier: 0.1295 loss_box_reg: 0.0848 loss_mask: 0.2611 loss_objectness: 0.0115 loss_rpn_box_reg: 0.0197
2025-12-04 18:17:00,291 - INFO - Epoch [2] Batch [90/440] Loss: 0.6893 loss_classifier: 0.1459 loss_box_reg: 0.0962 loss_mask: 0.2967 loss_objectness: 0.0331 loss_rpn_box_reg: 0.1173
2025-12-04 18:17:05,222 - INFO - Epoch [2] Batch [100/440] Loss: 1.7628 loss_classifier: 0.4458 loss_box_reg: 0.2279 loss_mask: 0.5738 loss_objectness: 0.3323 loss_rpn_box_reg: 0.1829
2025-12-04 18:17:10,143 - INFO - Epoch [2] Batch [110/440] Loss: 0.6858 loss_classifier: 0.0869 loss_box_reg: 0.0306 loss_mask: 0.4191 loss_objectness: 0.1191 loss_rpn_box_reg: 0.0301
2025-12-04 18:17:15,007 - INFO - Epoch [2] Batch [120/440] Loss: 0.5246 loss_classifier: 0.0758 loss_box_reg: 0.0224 loss_mask: 0.3244 loss_objectness: 0.0884 loss_rpn_box_reg: 0.0136
2025-12-04 18:17:19,315 - INFO - Epoch [2] Batch [130/440] Loss: 0.8406 loss_classifier: 0.2867 loss_box_reg: 0.1879 loss_mask: 0.3156 loss_objectness: 0.0233 loss_rpn_box_reg: 0.0272
2025-12-04 18:17:23,981 - INFO - Epoch [2] Batch [140/440] Loss: 1.1872 loss_classifier: 0.4382 loss_box_reg: 0.3124 loss_mask: 0.3097 loss_objectness: 0.0537 loss_rpn_box_reg: 0.0731
2025-12-04 18:17:29,264 - INFO - Epoch [2] Batch [150/440] Loss: 0.7943 loss_classifier: 0.2536 loss_box_reg: 0.1646 loss_mask: 0.2940 loss_objectness: 0.0545 loss_rpn_box_reg: 0.0277
2025-12-04 18:17:33,895 - INFO - Epoch [2] Batch [160/440] Loss: 0.6405 loss_classifier: 0.1763 loss_box_reg: 0.0890 loss_mask: 0.3002 loss_objectness: 0.0604 loss_rpn_box_reg: 0.0146
2025-12-04 18:17:38,803 - INFO - Epoch [2] Batch [170/440] Loss: 0.7155 loss_classifier: 0.1490 loss_box_reg: 0.1011 loss_mask: 0.2818 loss_objectness: 0.0399 loss_rpn_box_reg: 0.1437
2025-12-04 18:17:43,581 - INFO - Epoch [2] Batch [180/440] Loss: 0.4742 loss_classifier: 0.0662 loss_box_reg: 0.0142 loss_mask: 0.3443 loss_objectness: 0.0309 loss_rpn_box_reg: 0.0185
2025-12-04 18:17:48,159 - INFO - Epoch [2] Batch [190/440] Loss: 0.5833 loss_classifier: 0.0995 loss_box_reg: 0.0656 loss_mask: 0.3596 loss_objectness: 0.0283 loss_rpn_box_reg: 0.0303
2025-12-04 18:17:52,732 - INFO - Epoch [2] Batch [200/440] Loss: 0.6339 loss_classifier: 0.0614 loss_box_reg: 0.0308 loss_mask: 0.4540 loss_objectness: 0.0635 loss_rpn_box_reg: 0.0242
2025-12-04 18:17:57,757 - INFO - Epoch [2] Batch [210/440] Loss: 0.5250 loss_classifier: 0.0752 loss_box_reg: 0.0464 loss_mask: 0.2671 loss_objectness: 0.0404 loss_rpn_box_reg: 0.0958
2025-12-04 18:18:02,706 - INFO - Epoch [2] Batch [220/440] Loss: 1.0545 loss_classifier: 0.1558 loss_box_reg: 0.0845 loss_mask: 0.4383 loss_objectness: 0.1324 loss_rpn_box_reg: 0.2436
2025-12-04 18:18:07,827 - INFO - Epoch [2] Batch [230/440] Loss: 1.4238 loss_classifier: 0.1235 loss_box_reg: 0.0380 loss_mask: 0.4152 loss_objectness: 0.6096 loss_rpn_box_reg: 0.2375
2025-12-04 18:18:13,053 - INFO - Epoch [2] Batch [240/440] Loss: 0.8951 loss_classifier: 0.0521 loss_box_reg: 0.0042 loss_mask: 0.2689 loss_objectness: 0.0664 loss_rpn_box_reg: 0.5034
2025-12-04 18:18:18,052 - INFO - Epoch [2] Batch [250/440] Loss: 0.4295 loss_classifier: 0.1193 loss_box_reg: 0.0824 loss_mask: 0.2092 loss_objectness: 0.0163 loss_rpn_box_reg: 0.0024
2025-12-04 18:18:22,881 - INFO - Epoch [2] Batch [260/440] Loss: 1.0817 loss_classifier: 0.1274 loss_box_reg: 0.0467 loss_mask: 0.4674 loss_objectness: 0.1236 loss_rpn_box_reg: 0.3166
2025-12-04 18:18:27,227 - INFO - Epoch [2] Batch [270/440] Loss: 0.6434 loss_classifier: 0.1601 loss_box_reg: 0.1053 loss_mask: 0.3315 loss_objectness: 0.0332 loss_rpn_box_reg: 0.0133
2025-12-04 18:18:31,724 - INFO - Epoch [2] Batch [280/440] Loss: 0.5258 loss_classifier: 0.1569 loss_box_reg: 0.0881 loss_mask: 0.2436 loss_objectness: 0.0202 loss_rpn_box_reg: 0.0170
2025-12-04 18:18:36,348 - INFO - Epoch [2] Batch [290/440] Loss: 0.6168 loss_classifier: 0.1385 loss_box_reg: 0.1009 loss_mask: 0.3659 loss_objectness: 0.0100 loss_rpn_box_reg: 0.0015
2025-12-04 18:18:41,848 - INFO - Epoch [2] Batch [300/440] Loss: 0.6943 loss_classifier: 0.0659 loss_box_reg: 0.0355 loss_mask: 0.4846 loss_objectness: 0.0550 loss_rpn_box_reg: 0.0533
2025-12-04 18:18:46,781 - INFO - Epoch [2] Batch [310/440] Loss: 0.7141 loss_classifier: 0.1664 loss_box_reg: 0.1215 loss_mask: 0.4013 loss_objectness: 0.0187 loss_rpn_box_reg: 0.0063
2025-12-04 18:18:51,493 - INFO - Epoch [2] Batch [320/440] Loss: 0.5710 loss_classifier: 0.0769 loss_box_reg: 0.0502 loss_mask: 0.4237 loss_objectness: 0.0193 loss_rpn_box_reg: 0.0009
2025-12-04 18:18:56,539 - INFO - Epoch [2] Batch [330/440] Loss: 0.6080 loss_classifier: 0.0573 loss_box_reg: 0.0331 loss_mask: 0.3200 loss_objectness: 0.0544 loss_rpn_box_reg: 0.1431
2025-12-04 18:19:01,759 - INFO - Epoch [2] Batch [340/440] Loss: 1.2080 loss_classifier: 0.0704 loss_box_reg: 0.0503 loss_mask: 0.5495 loss_objectness: 0.0251 loss_rpn_box_reg: 0.5127
2025-12-04 18:19:06,798 - INFO - Epoch [2] Batch [350/440] Loss: 0.8629 loss_classifier: 0.1299 loss_box_reg: 0.0897 loss_mask: 0.3331 loss_objectness: 0.1057 loss_rpn_box_reg: 0.2044
2025-12-04 18:19:11,676 - INFO - Epoch [2] Batch [360/440] Loss: 0.4854 loss_classifier: 0.1214 loss_box_reg: 0.0846 loss_mask: 0.2236 loss_objectness: 0.0396 loss_rpn_box_reg: 0.0162
2025-12-04 18:19:19,148 - INFO - Epoch [2] Batch [370/440] Loss: 1.1352 loss_classifier: 0.0435 loss_box_reg: 0.0165 loss_mask: 0.5059 loss_objectness: 0.0193 loss_rpn_box_reg: 0.5501
2025-12-04 18:19:24,877 - INFO - Epoch [2] Batch [380/440] Loss: 0.5292 loss_classifier: 0.0874 loss_box_reg: 0.0317 loss_mask: 0.2048 loss_objectness: 0.1107 loss_rpn_box_reg: 0.0946
2025-12-04 18:19:30,045 - INFO - Epoch [2] Batch [390/440] Loss: 0.4600 loss_classifier: 0.1626 loss_box_reg: 0.1154 loss_mask: 0.1636 loss_objectness: 0.0158 loss_rpn_box_reg: 0.0025
2025-12-04 18:19:35,457 - INFO - Epoch [2] Batch [400/440] Loss: 0.5710 loss_classifier: 0.1005 loss_box_reg: 0.0602 loss_mask: 0.4067 loss_objectness: 0.0021 loss_rpn_box_reg: 0.0014
2025-12-04 18:19:40,812 - INFO - Epoch [2] Batch [410/440] Loss: 0.8562 loss_classifier: 0.1966 loss_box_reg: 0.1711 loss_mask: 0.3877 loss_objectness: 0.0644 loss_rpn_box_reg: 0.0365
2025-12-04 18:19:46,745 - INFO - Epoch [2] Batch [420/440] Loss: 0.4285 loss_classifier: 0.1041 loss_box_reg: 0.0657 loss_mask: 0.2134 loss_objectness: 0.0363 loss_rpn_box_reg: 0.0091
2025-12-04 18:19:51,915 - INFO - Epoch [2] Batch [430/440] Loss: 0.9946 loss_classifier: 0.1496 loss_box_reg: 0.0906 loss_mask: 0.4657 loss_objectness: 0.0715 loss_rpn_box_reg: 0.2173
2025-12-04 18:20:12,468 - INFO - [VAL] Epoch: [2] Batch: [0/507] Loss: 0.6424 loss_classifier: 0.2187 loss_box_reg: 0.1074 loss_mask: 0.2634 loss_objectness: 0.0453 loss_rpn_box_reg: 0.0077
2025-12-04 18:20:14,700 - INFO - [VAL] Epoch: [2] Batch: [10/507] Loss: 0.8354 loss_classifier: 0.1085 loss_box_reg: 0.0363 loss_mask: 0.4342 loss_objectness: 0.1486 loss_rpn_box_reg: 0.1077
2025-12-04 18:20:17,021 - INFO - [VAL] Epoch: [2] Batch: [20/507] Loss: 0.6212 loss_classifier: 0.0725 loss_box_reg: 0.0293 loss_mask: 0.4668 loss_objectness: 0.0474 loss_rpn_box_reg: 0.0053
2025-12-04 18:20:19,316 - INFO - [VAL] Epoch: [2] Batch: [30/507] Loss: 0.6501 loss_classifier: 0.1830 loss_box_reg: 0.0946 loss_mask: 0.3158 loss_objectness: 0.0500 loss_rpn_box_reg: 0.0065
2025-12-04 18:20:21,554 - INFO - [VAL] Epoch: [2] Batch: [40/507] Loss: 0.6421 loss_classifier: 0.0534 loss_box_reg: 0.0108 loss_mask: 0.5026 loss_objectness: 0.0640 loss_rpn_box_reg: 0.0112
2025-12-04 18:20:23,863 - INFO - [VAL] Epoch: [2] Batch: [50/507] Loss: 0.6901 loss_classifier: 0.0911 loss_box_reg: 0.0457 loss_mask: 0.3060 loss_objectness: 0.1996 loss_rpn_box_reg: 0.0477
2025-12-04 18:20:26,244 - INFO - [VAL] Epoch: [2] Batch: [60/507] Loss: 0.8345 loss_classifier: 0.2524 loss_box_reg: 0.1148 loss_mask: 0.4029 loss_objectness: 0.0493 loss_rpn_box_reg: 0.0150
2025-12-04 18:20:28,315 - INFO - [VAL] Epoch: [2] Batch: [70/507] Loss: 0.4293 loss_classifier: 0.0867 loss_box_reg: 0.0239 loss_mask: 0.3012 loss_objectness: 0.0172 loss_rpn_box_reg: 0.0003
2025-12-04 18:20:30,148 - INFO - [VAL] Epoch: [2] Batch: [80/507] Loss: 0.5702 loss_classifier: 0.1216 loss_box_reg: 0.0535 loss_mask: 0.3545 loss_objectness: 0.0320 loss_rpn_box_reg: 0.0087
2025-12-04 18:20:32,247 - INFO - [VAL] Epoch: [2] Batch: [90/507] Loss: 0.5757 loss_classifier: 0.0770 loss_box_reg: 0.0419 loss_mask: 0.2909 loss_objectness: 0.1130 loss_rpn_box_reg: 0.0529
2025-12-04 18:20:34,612 - INFO - [VAL] Epoch: [2] Batch: [100/507] Loss: 0.6924 loss_classifier: 0.0408 loss_box_reg: 0.0092 loss_mask: 0.5589 loss_objectness: 0.0829 loss_rpn_box_reg: 0.0007
2025-12-04 18:20:37,078 - INFO - [VAL] Epoch: [2] Batch: [110/507] Loss: 0.7335 loss_classifier: 0.0945 loss_box_reg: 0.0361 loss_mask: 0.5601 loss_objectness: 0.0411 loss_rpn_box_reg: 0.0017
2025-12-04 18:20:40,879 - INFO - [VAL] Epoch: [2] Batch: [120/507] Loss: 1.2677 loss_classifier: 0.0453 loss_box_reg: 0.0007 loss_mask: 0.6816 loss_objectness: 0.3602 loss_rpn_box_reg: 0.1799
2025-12-04 18:20:44,725 - INFO - [VAL] Epoch: [2] Batch: [130/507] Loss: 1.0456 loss_classifier: 0.1195 loss_box_reg: 0.0499 loss_mask: 0.7866 loss_objectness: 0.0332 loss_rpn_box_reg: 0.0564
2025-12-04 18:20:48,413 - INFO - [VAL] Epoch: [2] Batch: [140/507] Loss: 1.0246 loss_classifier: 0.1412 loss_box_reg: 0.0639 loss_mask: 0.7392 loss_objectness: 0.0516 loss_rpn_box_reg: 0.0288
2025-12-04 18:20:52,275 - INFO - [VAL] Epoch: [2] Batch: [150/507] Loss: 1.4887 loss_classifier: 0.0268 loss_box_reg: 0.0038 loss_mask: 0.3718 loss_objectness: 0.1478 loss_rpn_box_reg: 0.9386
2025-12-04 18:20:55,994 - INFO - [VAL] Epoch: [2] Batch: [160/507] Loss: 1.2025 loss_classifier: 0.1026 loss_box_reg: 0.0708 loss_mask: 0.1761 loss_objectness: 0.3619 loss_rpn_box_reg: 0.4912
2025-12-04 18:20:58,212 - INFO - [VAL] Epoch: [2] Batch: [170/507] Loss: 0.3734 loss_classifier: 0.1383 loss_box_reg: 0.1202 loss_mask: 0.1004 loss_objectness: 0.0113 loss_rpn_box_reg: 0.0032
2025-12-04 18:21:00,401 - INFO - [VAL] Epoch: [2] Batch: [180/507] Loss: 0.4596 loss_classifier: 0.1589 loss_box_reg: 0.1442 loss_mask: 0.1425 loss_objectness: 0.0108 loss_rpn_box_reg: 0.0031
2025-12-04 18:21:02,593 - INFO - [VAL] Epoch: [2] Batch: [190/507] Loss: 0.3393 loss_classifier: 0.1051 loss_box_reg: 0.0858 loss_mask: 0.1369 loss_objectness: 0.0104 loss_rpn_box_reg: 0.0011
2025-12-04 18:21:04,879 - INFO - [VAL] Epoch: [2] Batch: [200/507] Loss: 0.4501 loss_classifier: 0.1370 loss_box_reg: 0.0939 loss_mask: 0.2067 loss_objectness: 0.0108 loss_rpn_box_reg: 0.0018
2025-12-04 18:21:06,998 - INFO - [VAL] Epoch: [2] Batch: [210/507] Loss: 0.5375 loss_classifier: 0.1476 loss_box_reg: 0.1080 loss_mask: 0.1444 loss_objectness: 0.0856 loss_rpn_box_reg: 0.0520
2025-12-04 18:21:09,125 - INFO - [VAL] Epoch: [2] Batch: [220/507] Loss: 0.4514 loss_classifier: 0.1096 loss_box_reg: 0.0572 loss_mask: 0.2660 loss_objectness: 0.0168 loss_rpn_box_reg: 0.0018
2025-12-04 18:21:11,298 - INFO - [VAL] Epoch: [2] Batch: [230/507] Loss: 0.4034 loss_classifier: 0.1110 loss_box_reg: 0.0780 loss_mask: 0.1960 loss_objectness: 0.0150 loss_rpn_box_reg: 0.0034
2025-12-04 18:21:13,436 - INFO - [VAL] Epoch: [2] Batch: [240/507] Loss: 0.9512 loss_classifier: 0.1371 loss_box_reg: 0.0829 loss_mask: 0.6854 loss_objectness: 0.0388 loss_rpn_box_reg: 0.0069
2025-12-04 18:21:15,325 - INFO - [VAL] Epoch: [2] Batch: [250/507] Loss: 0.8958 loss_classifier: 0.0683 loss_box_reg: 0.0268 loss_mask: 0.6054 loss_objectness: 0.1231 loss_rpn_box_reg: 0.0721
2025-12-04 18:21:17,208 - INFO - [VAL] Epoch: [2] Batch: [260/507] Loss: 0.8279 loss_classifier: 0.1813 loss_box_reg: 0.0849 loss_mask: 0.4863 loss_objectness: 0.0537 loss_rpn_box_reg: 0.0218
2025-12-04 18:21:19,104 - INFO - [VAL] Epoch: [2] Batch: [270/507] Loss: 0.9095 loss_classifier: 0.1019 loss_box_reg: 0.0528 loss_mask: 0.4302 loss_objectness: 0.2237 loss_rpn_box_reg: 0.1009
2025-12-04 18:21:21,447 - INFO - [VAL] Epoch: [2] Batch: [280/507] Loss: 1.2986 loss_classifier: 0.3430 loss_box_reg: 0.3464 loss_mask: 0.3299 loss_objectness: 0.1120 loss_rpn_box_reg: 0.1673
2025-12-04 18:21:23,755 - INFO - [VAL] Epoch: [2] Batch: [290/507] Loss: 1.2057 loss_classifier: 0.2822 loss_box_reg: 0.2415 loss_mask: 0.3686 loss_objectness: 0.1353 loss_rpn_box_reg: 0.1782
2025-12-04 18:21:26,039 - INFO - [VAL] Epoch: [2] Batch: [300/507] Loss: 1.4905 loss_classifier: 0.5676 loss_box_reg: 0.4070 loss_mask: 0.3012 loss_objectness: 0.0888 loss_rpn_box_reg: 0.1258
2025-12-04 18:21:28,331 - INFO - [VAL] Epoch: [2] Batch: [310/507] Loss: 1.2956 loss_classifier: 0.3979 loss_box_reg: 0.3411 loss_mask: 0.3161 loss_objectness: 0.1113 loss_rpn_box_reg: 0.1292
2025-12-04 18:21:30,723 - INFO - [VAL] Epoch: [2] Batch: [320/507] Loss: 1.5321 loss_classifier: 0.4503 loss_box_reg: 0.4252 loss_mask: 0.3272 loss_objectness: 0.1060 loss_rpn_box_reg: 0.2235
2025-12-04 18:21:33,019 - INFO - [VAL] Epoch: [2] Batch: [330/507] Loss: 0.6583 loss_classifier: 0.1576 loss_box_reg: 0.1085 loss_mask: 0.3002 loss_objectness: 0.0605 loss_rpn_box_reg: 0.0315
2025-12-04 18:21:35,688 - INFO - [VAL] Epoch: [2] Batch: [340/507] Loss: 1.6066 loss_classifier: 0.3106 loss_box_reg: 0.1715 loss_mask: 0.4692 loss_objectness: 0.2943 loss_rpn_box_reg: 0.3611
2025-12-04 18:21:38,549 - INFO - [VAL] Epoch: [2] Batch: [350/507] Loss: 0.4500 loss_classifier: 0.0443 loss_box_reg: 0.0155 loss_mask: 0.2961 loss_objectness: 0.0918 loss_rpn_box_reg: 0.0023
2025-12-04 18:21:42,328 - INFO - [VAL] Epoch: [2] Batch: [360/507] Loss: 1.2715 loss_classifier: 0.3147 loss_box_reg: 0.2114 loss_mask: 0.3209 loss_objectness: 0.2193 loss_rpn_box_reg: 0.2052
2025-12-04 18:21:46,101 - INFO - [VAL] Epoch: [2] Batch: [370/507] Loss: 1.9450 loss_classifier: 0.5034 loss_box_reg: 0.3344 loss_mask: 0.4084 loss_objectness: 0.3253 loss_rpn_box_reg: 0.3736
2025-12-04 18:21:49,233 - INFO - [VAL] Epoch: [2] Batch: [380/507] Loss: 1.1435 loss_classifier: 0.1416 loss_box_reg: 0.0668 loss_mask: 0.4324 loss_objectness: 0.1718 loss_rpn_box_reg: 0.3310
2025-12-04 18:21:52,820 - INFO - [VAL] Epoch: [2] Batch: [390/507] Loss: 1.0994 loss_classifier: 0.2981 loss_box_reg: 0.1524 loss_mask: 0.3821 loss_objectness: 0.1306 loss_rpn_box_reg: 0.1361
2025-12-04 18:21:55,202 - INFO - [VAL] Epoch: [2] Batch: [400/507] Loss: 1.0006 loss_classifier: 0.3693 loss_box_reg: 0.3160 loss_mask: 0.2133 loss_objectness: 0.0737 loss_rpn_box_reg: 0.0283
2025-12-04 18:21:57,630 - INFO - [VAL] Epoch: [2] Batch: [410/507] Loss: 0.8578 loss_classifier: 0.1539 loss_box_reg: 0.1226 loss_mask: 0.3447 loss_objectness: 0.0835 loss_rpn_box_reg: 0.1530
2025-12-04 18:21:59,973 - INFO - [VAL] Epoch: [2] Batch: [420/507] Loss: 0.6613 loss_classifier: 0.2205 loss_box_reg: 0.1687 loss_mask: 0.1721 loss_objectness: 0.0884 loss_rpn_box_reg: 0.0116
2025-12-04 18:22:02,172 - INFO - [VAL] Epoch: [2] Batch: [430/507] Loss: 0.6930 loss_classifier: 0.1664 loss_box_reg: 0.0697 loss_mask: 0.3405 loss_objectness: 0.0673 loss_rpn_box_reg: 0.0492
2025-12-04 18:22:04,037 - INFO - [VAL] Epoch: [2] Batch: [440/507] Loss: 0.7792 loss_classifier: 0.1868 loss_box_reg: 0.1005 loss_mask: 0.4053 loss_objectness: 0.0572 loss_rpn_box_reg: 0.0292
2025-12-04 18:22:05,932 - INFO - [VAL] Epoch: [2] Batch: [450/507] Loss: 0.7087 loss_classifier: 0.0981 loss_box_reg: 0.0654 loss_mask: 0.5081 loss_objectness: 0.0207 loss_rpn_box_reg: 0.0163
2025-12-04 18:22:07,922 - INFO - [VAL] Epoch: [2] Batch: [460/507] Loss: 0.5209 loss_classifier: 0.0894 loss_box_reg: 0.0662 loss_mask: 0.3432 loss_objectness: 0.0146 loss_rpn_box_reg: 0.0075
2025-12-04 18:22:09,945 - INFO - [VAL] Epoch: [2] Batch: [470/507] Loss: 0.5890 loss_classifier: 0.1470 loss_box_reg: 0.1119 loss_mask: 0.3149 loss_objectness: 0.0137 loss_rpn_box_reg: 0.0015
